App4_PixelMaler/app/build/intermediates/manifest_merge_blame_file/debug/manifest-merger-blame-debug-report.txt
1<?xml version="1.0" encoding="utf-8"?>
2<manifest xmlns:android="http://schemas.android.com/apk/res/android"
3    package="ch.blockwoche.pixelmaler"
4    android:versionCode="1"
5    android:versionName="1.0" >
6
7    <uses-sdk
8        android:minSdkVersion="27"
8-->src\main\AndroidManifest.xml
9        android:targetSdkVersion="31" />
9-->src\main\AndroidManifest.xml
10
11    <uses-permission android:name="android.permission.WRITE_EXTERNAL_STORAGE" />
11-->src\main\AndroidManifest.xml:7:5-81
11-->src\main\AndroidManifest.xml:7:22-78
12
13    <application
13-->src\main\AndroidManifest.xml:9:5-23:19
14        android:allowBackup="true"
14-->src\main\AndroidManifest.xml:10:9-35
15        android:debuggable="true"
16        android:extractNativeLibs="false"
17        android:icon="@mipmap/ic_launcher"
17-->src\main\AndroidManifest.xml:11:9-43
18        android:label="@string/app_name" >
18-->src\main\AndroidManifest.xml:12:9-41
19        <activity
19-->src\main\AndroidManifest.xml:13:9-22:20
20            android:name="ch.blockwoche.pixelmaler.MainActivity"
20-->src\main\AndroidManifest.xml:14:13-65
21            android:exported="true"
21-->src\main\AndroidManifest.xml:15:13-36
22            android:label="@string/app_name" >
22-->src\main\AndroidManifest.xml:16:13-45
23            <intent-filter>
23-->src\main\AndroidManifest.xml:17:13-21:29
24                <action android:name="android.intent.action.MAIN" />
24-->src\main\AndroidManifest.xml:18:17-69
24-->src\main\AndroidManifest.xml:18:25-66
25
26                <category android:name="android.intent.category.LAUNCHER" />
26-->src\main\AndroidManifest.xml:20:17-77
26-->src\main\AndroidManifest.xml:20:27-74
27            </intent-filter>
28        </activity>
29    </application>
30
31</manifest>